TN:
SF:src\server\controllers\auth.controller.ts
FN:21,register
FN:127,login
FN:209,refresh
FN:299,logout
FNF:4
FNH:4
FNDA:5,register
FNDA:5,login
FNDA:5,refresh
FNDA:2,logout
DA:1,1
DA:2,1
DA:3,1
DA:4,1
DA:12,1
DA:21,1
DA:25,5
DA:28,5
DA:33,5
DA:34,1
DA:37,4
DA:38,1
DA:42,3
DA:47,3
DA:48,1
DA:52,2
DA:57,2
DA:58,1
DA:65,2
DA:68,2
DA:88,2
DA:95,2
DA:98,2
DA:106,2
DA:127,1
DA:131,5
DA:134,5
DA:150,5
DA:151,1
DA:154,4
DA:155,1
DA:158,3
DA:159,1
DA:163,2
DA:165,2
DA:166,1
DA:170,1
DA:177,1
DA:180,1
DA:188,1
DA:209,1
DA:213,5
DA:216,5
DA:235,5
DA:236,1
DA:240,4
DA:242,1
DA:243,1
DA:246,3
DA:248,3
DA:249,1
DA:252,2
DA:253,1
DA:257,1
DA:260,1
DA:267,1
DA:270,1
DA:278,1
DA:299,1
DA:303,2
DA:306,2
DA:310,2
DA:315,2
LF:63
LH:63
BRDA:33,0,0,1
BRDA:33,0,1,4
BRDA:37,1,0,1
BRDA:37,1,1,3
BRDA:47,2,0,1
BRDA:47,2,1,2
BRDA:57,3,0,1
BRDA:57,3,1,1
BRDA:150,4,0,1
BRDA:150,4,1,4
BRDA:154,5,0,1
BRDA:154,5,1,3
BRDA:158,6,0,1
BRDA:158,6,1,2
BRDA:165,7,0,1
BRDA:165,7,1,1
BRDA:235,8,0,1
BRDA:235,8,1,4
BRDA:240,9,0,1
BRDA:240,9,1,3
BRDA:248,10,0,1
BRDA:248,10,1,2
BRDA:252,11,0,1
BRDA:252,11,1,1
BRDA:310,12,0,1
BRDA:310,12,1,1
BRF:26
BRH:26
end_of_record
TN:
SF:src\server\controllers\board.controller.ts
FN:14,createBoard
FN:56,getBoards
FN:70,(anonymous_2)
FN:93,getBoard
FN:132,updateBoard
FN:192,deleteBoard
FNF:6
FNH:6
FNDA:1,createBoard
FNDA:2,getBoards
FNDA:2,(anonymous_2)
FNDA:2,getBoard
FNDA:2,updateBoard
FNDA:1,deleteBoard
DA:1,1
DA:2,1
DA:3,1
DA:4,1
DA:5,1
DA:6,1
DA:14,1
DA:18,1
DA:19,1
DA:21,1
DA:30,1
DA:42,1
DA:44,1
DA:56,1
DA:60,2
DA:62,2
DA:70,2
DA:81,2
DA:93,1
DA:97,2
DA:98,2
DA:100,2
DA:107,2
DA:108,1
DA:111,1
DA:132,1
DA:136,2
DA:137,2
DA:138,2
DA:141,2
DA:145,2
DA:146,0
DA:150,2
DA:151,1
DA:154,1
DA:165,1
DA:177,1
DA:179,1
DA:192,1
DA:196,1
DA:197,1
DA:200,1
DA:204,1
DA:205,0
DA:209,1
DA:210,0
DA:213,1
DA:216,1
DA:218,1
LF:49
LH:46
BRDA:107,0,0,1
BRDA:107,0,1,1
BRDA:145,1,0,0
BRDA:145,1,1,2
BRDA:150,2,0,1
BRDA:150,2,1,1
BRDA:150,3,0,2
BRDA:150,3,1,1
BRDA:157,4,0,1
BRDA:157,4,1,1
BRDA:158,5,0,1
BRDA:158,5,1,1
BRDA:204,6,0,0
BRDA:204,6,1,1
BRDA:209,7,0,0
BRDA:209,7,1,1
BRDA:209,8,0,1
BRDA:209,8,1,0
BRF:18
BRH:14
end_of_record
TN:
SF:src\server\controllers\role.controller.ts
FN:23,createRole
FN:57,getRoles
FN:73,(anonymous_2)
FN:89,updateRole
FN:137,deleteRole
FNF:5
FNH:5
FNDA:2,createRole
FNDA:1,getRoles
FNDA:2,(anonymous_2)
FNDA:2,updateRole
FNDA:2,deleteRole
DA:1,1
DA:2,1
DA:3,1
DA:4,1
DA:23,1
DA:27,2
DA:28,2
DA:30,2
DA:31,1
DA:34,1
DA:41,1
DA:57,1
DA:61,1
DA:63,1
DA:71,1
DA:73,2
DA:89,1
DA:93,2
DA:94,2
DA:95,2
DA:97,2
DA:98,0
DA:101,2
DA:105,2
DA:106,0
DA:110,2
DA:111,1
DA:114,1
DA:119,1
DA:137,1
DA:141,2
DA:142,2
DA:144,2
DA:145,0
DA:148,2
DA:153,2
DA:154,0
DA:158,2
DA:159,0
DA:163,2
DA:164,1
DA:167,1
DA:169,1
LF:43
LH:38
BRDA:30,0,0,1
BRDA:30,0,1,1
BRDA:97,1,0,0
BRDA:97,1,1,2
BRDA:105,2,0,0
BRDA:105,2,1,2
BRDA:110,3,0,1
BRDA:110,3,1,1
BRDA:110,4,0,2
BRDA:110,4,1,1
BRDA:144,5,0,0
BRDA:144,5,1,2
BRDA:153,6,0,0
BRDA:153,6,1,2
BRDA:158,7,0,0
BRDA:158,7,1,2
BRDA:158,8,0,2
BRDA:158,8,1,2
BRDA:163,9,0,1
BRDA:163,9,1,1
BRF:20
BRH:15
end_of_record
TN:
SF:src\server\controllers\task.controller.ts
FN:12,validateBoardAccess
FN:31,createTask
FN:113,getTasks
FN:143,(anonymous_3)
FN:155,(anonymous_4)
FN:182,getTask
FN:226,(anonymous_6)
FN:249,updateTask
FN:342,deleteTask
FNF:9
FNH:7
FNDA:7,validateBoardAccess
FNDA:2,createTask
FNDA:1,getTasks
FNDA:1,(anonymous_3)
FNDA:0,(anonymous_4)
FNDA:2,getTask
FNDA:0,(anonymous_6)
FNDA:1,updateTask
FNDA:1,deleteTask
DA:1,1
DA:2,1
DA:3,1
DA:4,1
DA:5,1
DA:6,1
DA:13,7
DA:18,7
DA:19,1
DA:22,6
DA:31,1
DA:38,2
DA:39,2
DA:40,2
DA:43,2
DA:46,1
DA:47,0
DA:51,0
DA:52,0
DA:57,1
DA:58,0
DA:62,0
DA:63,0
DA:67,1
DA:84,1
DA:99,1
DA:101,1
DA:113,1
DA:117,1
DA:118,1
DA:121,1
DA:123,1
DA:143,1
DA:155,0
DA:170,1
DA:182,1
DA:186,2
DA:187,2
DA:190,2
DA:192,2
DA:208,2
DA:209,1
DA:212,1
DA:226,0
DA:249,1
DA:256,1
DA:257,1
DA:258,1
DA:261,1
DA:264,1
DA:268,1
DA:269,0
DA:273,1
DA:277,1
DA:278,0
DA:282,1
DA:283,0
DA:287,0
DA:288,0
DA:293,1
DA:294,0
DA:297,1
DA:313,1
DA:328,1
DA:330,1
DA:342,1
DA:346,1
DA:347,1
DA:350,1
DA:353,1
DA:357,1
DA:358,0
DA:362,1
DA:363,0
DA:366,1
DA:369,1
DA:371,1
LF:77
LH:61
BRDA:18,0,0,1
BRDA:18,0,1,6
BRDA:46,1,0,0
BRDA:46,1,1,1
BRDA:51,2,0,0
BRDA:51,2,1,0
BRDA:57,3,0,0
BRDA:57,3,1,1
BRDA:62,4,0,0
BRDA:62,4,1,0
BRDA:71,5,0,1
BRDA:71,5,1,0
BRDA:208,6,0,1
BRDA:208,6,1,1
BRDA:268,7,0,0
BRDA:268,7,1,1
BRDA:273,8,0,1
BRDA:273,8,1,0
BRDA:273,8,2,0
BRDA:277,9,0,0
BRDA:277,9,1,1
BRDA:282,10,0,0
BRDA:282,10,1,1
BRDA:282,11,0,1
BRDA:282,11,1,0
BRDA:287,12,0,0
BRDA:287,12,1,0
BRDA:293,13,0,0
BRDA:293,13,1,1
BRDA:300,14,0,1
BRDA:300,14,1,1
BRDA:301,15,0,1
BRDA:301,15,1,0
BRDA:302,16,0,1
BRDA:302,16,1,1
BRDA:303,17,0,1
BRDA:303,17,1,0
BRDA:304,18,0,1
BRDA:304,18,1,0
BRDA:357,19,0,0
BRDA:357,19,1,1
BRDA:362,20,0,0
BRDA:362,20,1,1
BRDA:362,21,0,1
BRDA:362,21,1,0
BRF:45
BRH:23
end_of_record
TN:
SF:src\server\controllers\user.controller.ts
FN:13,getProfile
FN:51,getUsers
FNF:2
FNH:2
FNDA:2,getProfile
FNDA:2,getUsers
DA:1,1
DA:2,1
DA:3,1
DA:4,1
DA:5,1
DA:13,1
DA:17,2
DA:19,2
DA:34,2
DA:35,1
DA:38,1
DA:51,1
DA:55,2
DA:57,2
DA:70,2
LF:15
LH:15
BRDA:34,0,0,1
BRDA:34,0,1,1
BRF:2
BRH:2
end_of_record
TN:
SF:src\server\middleware\error.middleware.ts
FN:12,(anonymous_0)
FN:32,validationError
FN:39,unauthorizedError
FN:46,forbiddenError
FN:53,notFoundError
FN:60,conflictError
FN:67,internalError
FN:80,errorMiddleware
FNF:8
FNH:8
FNDA:32,(anonymous_0)
FNDA:1,validationError
FNDA:10,unauthorizedError
FNDA:6,forbiddenError
FNDA:6,notFoundError
FNDA:3,conflictError
FNDA:2,internalError
FNDA:6,errorMiddleware
DA:1,6
DA:2,6
DA:7,6
DA:18,32
DA:19,32
DA:20,32
DA:21,32
DA:22,32
DA:25,32
DA:32,6
DA:33,1
DA:39,6
DA:40,10
DA:46,6
DA:47,6
DA:53,6
DA:54,6
DA:60,6
DA:61,3
DA:67,6
DA:68,2
DA:80,6
DA:87,6
DA:90,6
DA:91,2
DA:97,2
DA:98,1
DA:101,2
DA:102,2
DA:106,4
DA:107,2
DA:109,2
DA:111,1
DA:112,1
DA:117,1
DA:120,1
DA:122,1
DA:127,1
DA:132,2
DA:133,1
DA:138,1
DA:142,1
LF:42
LH:42
BRDA:39,0,0,1
BRDA:46,1,0,1
BRDA:67,2,0,1
BRDA:90,3,0,2
BRDA:90,3,1,4
BRDA:97,4,0,1
BRDA:97,4,1,1
BRDA:106,5,0,2
BRDA:106,5,1,2
BRDA:109,6,0,1
BRDA:109,6,1,1
BRDA:111,7,0,1
BRDA:111,7,1,0
BRDA:120,8,0,1
BRDA:120,8,1,0
BRDA:132,9,0,1
BRDA:132,9,1,1
BRDA:132,10,0,2
BRDA:132,10,1,1
BRF:19
BRH:17
end_of_record
TN:
SF:src\server\types\auth.types.ts
FNF:0
FNH:0
DA:1,5
LF:1
LH:1
BRF:0
BRH:0
end_of_record
